<?xml version="1.0" encoding="utf-8"?>
<coverage line-rate="0.44179999999999997" branch-rate="0.0753" version="1.9" timestamp="1775880040" lines-covered="1414" lines-valid="3200" branches-covered="55" branches-valid="730">
  <sources>
    <source>D:\REPO\keycloak-tests\src\</source>
  </sources>
  <packages>
    <package name="Onboarding.API" line-rate="0.2286" branch-rate="0.0431" complexity="517">
      <classes>
        <class name="Program" filename="Onboarding.API\Program.cs" line-rate="0.8092" branch-rate="0.7" complexity="21">
          <methods>
            <method name="&lt;Main&gt;$" signature="(System.String[])" line-rate="0.8722" branch-rate="0.7" complexity="20">
              <lines>
                <line number="23" hits="2" branch="False" />
                <line number="24" hits="2" branch="False" />
                <line number="25" hits="2" branch="False" />
                <line number="26" hits="2" branch="False" />
                <line number="27" hits="2" branch="False" />
                <line number="28" hits="2" branch="False" />
                <line number="29" hits="2" branch="False" />
                <line number="30" hits="2" branch="False" />
                <line number="31" hits="2" branch="False" />
                <line number="35" hits="2" branch="False" />
                <line number="38" hits="4" branch="True" condition-coverage="100% (2/2)">
                  <conditions>
                    <condition number="99" type="jump" coverage="100%" />
                  </conditions>
                </line>
                <line number="39" hits="4" branch="False" />
                <line number="40" hits="4" branch="False" />
                <line number="41" hits="4" branch="False" />
                <line number="42" hits="4" branch="False" />
                <line number="43" hits="4" branch="False" />
                <line number="44" hits="4" branch="False" />
                <line number="45" hits="4" branch="False" />
                <line number="46" hits="4" branch="False" />
                <line number="47" hits="2" branch="True" condition-coverage="100% (2/2)">
                  <conditions>
                    <condition number="23" type="jump" coverage="100%" />
                  </conditions>
                </line>
                <line number="48" hits="2" branch="False" />
                <line number="49" hits="2" branch="False" />
                <line number="50" hits="2" branch="True" condition-coverage="100% (2/2)">
                  <conditions>
                    <condition number="66" type="jump" coverage="100%" />
                  </conditions>
                </line>
                <line number="51" hits="2" branch="False" />
                <line number="52" hits="2" branch="False" />
                <line number="53" hits="2" branch="False" />
                <line number="54" hits="2" branch="False" />
                <line number="55" hits="6" branch="False" />
                <line number="58" hits="2" branch="False" />
                <line number="59" hits="4" branch="True" condition-coverage="66.66% (4/6)">
                  <conditions>
                    <condition number="23" type="jump" coverage="100%" />
                    <condition number="48" type="jump" coverage="50%" />
                    <condition number="60" type="jump" coverage="50%" />
                  </conditions>
                </line>
                <line number="60" hits="4" branch="False" />
                <line number="61" hits="4" branch="False" />
                <line number="62" hits="4" branch="False" />
                <line number="63" hits="2" branch="False" />
                <line number="64" hits="2" branch="False" />
                <line number="65" hits="2" branch="False" />
                <line number="66" hits="2" branch="False" />
                <line number="67" hits="4" branch="False" />
                <line number="68" hits="2" branch="False" />
                <line number="69" hits="2" branch="False" />
                <line number="70" hits="2" branch="False" />
                <line number="71" hits="2" branch="False" />
                <line number="72" hits="4" branch="False" />
                <line number="73" hits="4" branch="False" />
                <line number="74" hits="4" branch="False" />
                <line number="75" hits="4" branch="False" />
                <line number="78" hits="2" branch="True" condition-coverage="50% (1/2)">
                  <conditions>
                    <condition number="292" type="jump" coverage="50%" />
                  </conditions>
                </line>
                <line number="79" hits="2" branch="False" />
                <line number="81" hits="2" branch="True" condition-coverage="50% (1/2)">
                  <conditions>
                    <condition number="373" type="jump" coverage="50%" />
                  </conditions>
                </line>
                <line number="82" hits="2" branch="False" />
                <line number="83" hits="2" branch="False" />
                <line number="84" hits="2" branch="False" />
                <line number="85" hits="2" branch="False" />
                <line number="86" hits="2" branch="False" />
                <line number="87" hits="2" branch="False" />
                <line number="88" hits="2" branch="False" />
                <line number="89" hits="2" branch="False" />
                <line number="90" hits="2" branch="False" />
                <line number="91" hits="2" branch="False" />
                <line number="92" hits="2" branch="False" />
                <line number="93" hits="2" branch="False" />
                <line number="96" hits="2" branch="False" />
                <line number="100" hits="2" branch="False" />
                <line number="101" hits="2" branch="False" />
                <line number="102" hits="2" branch="False" />
                <line number="103" hits="2" branch="False" />
                <line number="104" hits="2" branch="True" condition-coverage="50% (1/2)">
                  <conditions>
                    <condition number="23" type="jump" coverage="50%" />
                  </conditions>
                </line>
                <line number="105" hits="2" branch="False" />
                <line number="106" hits="2" branch="False" />
                <line number="107" hits="2" branch="False" />
                <line number="108" hits="2" branch="False" />
                <line number="109" hits="2" branch="False" />
                <line number="110" hits="2" branch="False" />
                <line number="111" hits="2" branch="False" />
                <line number="112" hits="2" branch="False" />
                <line number="113" hits="2" branch="False" />
                <line number="114" hits="2" branch="False" />
                <line number="115" hits="2" branch="False" />
                <line number="116" hits="2" branch="True" condition-coverage="50% (1/2)">
                  <conditions>
                    <condition number="89" type="jump" coverage="50%" />
                  </conditions>
                </line>
                <line number="117" hits="2" branch="False" />
                <line number="118" hits="2" branch="False" />
                <line number="119" hits="2" branch="False" />
                <line number="120" hits="2" branch="False" />
                <line number="121" hits="2" branch="False" />
                <line number="122" hits="2" branch="False" />
                <line number="123" hits="2" branch="False" />
                <line number="124" hits="2" branch="False" />
                <line number="125" hits="2" branch="False" />
                <line number="126" hits="2" branch="False" />
                <line number="127" hits="2" branch="False" />
                <line number="128" hits="2" branch="False" />
                <line number="129" hits="2" branch="False" />
                <line number="130" hits="0" branch="False" />
                <line number="131" hits="0" branch="False" />
                <line number="132" hits="2" branch="False" />
                <line number="133" hits="0" branch="False" />
                <line number="134" hits="0" branch="False" />
                <line number="135" hits="0" branch="False" />
                <line number="136" hits="2" branch="False" />
                <line number="137" hits="0" branch="False" />
                <line number="138" hits="0" branch="False" />
                <line number="139" hits="0" branch="False" />
                <line number="140" hits="0" branch="False" />
                <line number="141" hits="2" branch="False" />
                <line number="142" hits="0" branch="False" />
                <line number="143" hits="0" branch="False" />
                <line number="144" hits="2" branch="False" />
                <line number="145" hits="0" branch="False" />
                <line number="146" hits="2" branch="False" />
                <line number="147" hits="0" branch="False" />
                <line number="148" hits="0" branch="False" />
                <line number="149" hits="2" branch="False" />
                <line number="150" hits="0" branch="False" />
                <line number="151" hits="2" branch="False" />
                <line number="152" hits="2" branch="False" />
                <line number="153" hits="2" branch="False" />
                <line number="154" hits="0" branch="False" />
                <line number="155" hits="0" branch="False" />
                <line number="156" hits="2" branch="False" />
                <line number="157" hits="2" branch="False" />
                <line number="158" hits="0" branch="False" />
                <line number="159" hits="2" branch="False" />
                <line number="160" hits="2" branch="False" />
                <line number="161" hits="2" branch="False" />
                <line number="162" hits="2" branch="False" />
                <line number="163" hits="2" branch="False" />
                <line number="164" hits="2" branch="False" />
                <line number="165" hits="2" branch="False" />
                <line number="166" hits="2" branch="False" />
                <line number="167" hits="2" branch="False" />
                <line number="168" hits="2" branch="False" />
                <line number="169" hits="2" branch="False" />
                <line number="170" hits="4" branch="False" />
                <line number="172" hits="2" branch="False" />
                <line number="179" hits="2" branch="False" />
                <line number="180" hits="2" branch="False" />
                <line number="181" hits="2" branch="False" />
                <line number="182" hits="2" branch="False" />
                <line number="183" hits="4" branch="False" />
                <line number="187" hits="2" branch="False" />
                <line number="188" hits="2" branch="False" />
                <line number="189" hits="2" branch="False" />
                <line number="190" hits="2" branch="False" />
                <line number="191" hits="2" branch="False" />
                <line number="192" hits="2" branch="False" />
                <line number="193" hits="2" branch="False" />
                <line number="194" hits="2" branch="False" />
                <line number="195" hits="4" branch="False" />
                <line number="196" hits="4" branch="False" />
                <line number="199" hits="2" branch="False" />
                <line number="202" hits="2" branch="False" />
                <line number="205" hits="2" branch="False" />
                <line number="207" hits="2" branch="False" />
                <line number="209" hits="2" branch="False" />
                <line number="212" hits="2" branch="False" />
                <line number="213" hits="2" branch="False" />
                <line number="214" hits="2" branch="False" />
                <line number="217" hits="2" branch="False" />
                <line number="219" hits="2" branch="False" />
                <line number="220" hits="2" branch="False" />
                <line number="221" hits="2" branch="False" />
                <line number="222" hits="2" branch="False" />
                <line number="223" hits="2" branch="False" />
                <line number="227" hits="2" branch="False" />
                <line number="228" hits="2" branch="False" />
                <line number="229" hits="0" branch="False" />
                <line number="230" hits="2" branch="False" />
                <line number="233" hits="2" branch="False" />
                <line number="234" hits="2" branch="False" />
                <line number="235" hits="0" branch="False" />
                <line number="236" hits="2" branch="False" />
                <line number="237" hits="2" branch="False" />
                <line number="239" hits="2" branch="False" />
                <line number="241" hits="2" branch="False" />
                <line number="242" hits="2" branch="False" />
                <line number="243" hits="0" branch="False" />
                <line number="245" hits="0" branch="False" />
                <line number="246" hits="0" branch="False" />
                <line number="249" hits="2" branch="False" />
                <line number="250" hits="2" branch="False" />
              </lines>
            </method>
            <method name="&lt;&lt;Main&gt;$&gt;g__WriteDetailedJson|0_0" signature="(Microsoft.AspNetCore.Http.HttpContext,Microsoft.Extensions.Diagnostics.HealthChecks.HealthReport)" line-rate="0" branch-rate="1" complexity="1">
              <lines>
                <line number="255" hits="0" branch="False" />
                <line number="256" hits="0" branch="False" />
                <line number="257" hits="0" branch="False" />
                <line number="258" hits="0" branch="False" />
                <line number="259" hits="0" branch="False" />
                <line number="260" hits="0" branch="False" />
                <line number="261" hits="0" branch="False" />
                <line number="262" hits="0" branch="False" />
                <line number="263" hits="0" branch="False" />
                <line number="264" hits="0" branch="False" />
                <line number="265" hits="0" branch="False" />
                <line number="266" hits="0" branch="False" />
                <line number="267" hits="0" branch="False" />
                <line number="268" hits="0" branch="False" />
              </lines>
            </method>
          </methods>
          <lines>
            <line number="23" hits="2" branch="False" />
            <line number="24" hits="2" branch="False" />
            <line number="25" hits="2" branch="False" />
            <line number="26" hits="2" branch="False" />
            <line number="27" hits="2" branch="False" />
            <line number="28" hits="2" branch="False" />
            <line number="29" hits="2" branch="False" />
            <line number="30" hits="2" branch="False" />
            <line number="31" hits="2" branch="False" />
            <line number="35" hits="2" branch="False" />
            <line number="38" hits="4" branch="True" condition-coverage="100% (2/2)">
              <conditions>
                <condition number="99" type="jump" coverage="100%" />
              </conditions>
            </line>
            <line number="39" hits="4" branch="False" />
            <line number="40" hits="4" branch="False" />
            <line number="41" hits="4" branch="False" />
            <line number="42" hits="4" branch="False" />
            <line number="43" hits="4" branch="False" />
            <line number="44" hits="4" branch="False" />
            <line number="45" hits="4" branch="False" />
            <line number="46" hits="4" branch="False" />
            <line number="47" hits="2" branch="True" condition-coverage="100% (2/2)">
              <conditions>
                <condition number="23" type="jump" coverage="100%" />
              </conditions>
            </line>
            <line number="48" hits="2" branch="False" />
            <line number="49" hits="2" branch="False" />
            <line number="50" hits="2" branch="True" condition-coverage="100% (2/2)">
              <conditions>
                <condition number="66" type="jump" coverage="100%" />
              </conditions>
            </line>
            <line number="51" hits="2" branch="False" />
            <line number="52" hits="2" branch="False" />
            <line number="53" hits="2" branch="False" />
            <line number="54" hits="2" branch="False" />
            <line number="55" hits="6" branch="False" />
            <line number="58" hits="2" branch="False" />
            <line number="59" hits="4" branch="True" condition-coverage="66.66% (4/6)">
              <conditions>
                <condition number="23" type="jump" coverage="100%" />
                <condition number="48" type="jump" coverage="50%" />
                <condition number="60" type="jump" coverage="50%" />
              </conditions>
            </line>
            <line number="60" hits="4" branch="False" />
            <line number="61" hits="4" branch="False" />
            <line number="62" hits="4" branch="False" />
            <line number="63" hits="2" branch="False" />
            <line number="64" hits="2" branch="False" />
            <line number="65" hits="2" branch="False" />
            <line number="66" hits="2" branch="False" />
            <line number="67" hits="4" branch="False" />
            <line number="68" hits="2" branch="False" />
            <line number="69" hits="2" branch="False" />
            <line number="70" hits="2" branch="False" />
            <line number="71" hits="2" branch="False" />
            <line number="72" hits="4" branch="False" />
            <line number="73" hits="4" branch="False" />
            <line number="74" hits="4" branch="False" />
            <line number="75" hits="4" branch="False" />
            <line number="78" hits="2" branch="True" condition-coverage="50% (1/2)">
              <conditions>
                <condition number="292" type="jump" coverage="50%" />
              </conditions>
            </line>
            <line number="79" hits="2" branch="False" />
            <line number="81" hits="2" branch="True" condition-coverage="50% (1/2)">
              <conditions>
                <condition number="373" type="jump" coverage="50%" />
              </conditions>
            </line>
            <line number="82" hits="2" branch="False" />
            <line number="83" hits="2" branch="False" />
            <line number="84" hits="2" branch="False" />
            <line number="85" hits="2" branch="False" />
            <line number="86" hits="2" branch="False" />
            <line number="87" hits="2" branch="False" />
            <line number="88" hits="2" branch="False" />
            <line number="89" hits="2" branch="False" />
            <line number="90" hits="2" branch="False" />
            <line number="91" hits="2" branch="False" />
            <line number="92" hits="2" branch="False" />
            <line number="93" hits="2" branch="False" />
            <line number="96" hits="2" branch="False" />
            <line number="100" hits="2" branch="False" />
            <line number="101" hits="2" branch="False" />
            <line number="102" hits="2" branch="False" />
            <line number="103" hits="2" branch="False" />
            <line number="104" hits="2" branch="True" condition-coverage="50% (1/2)">
              <conditions>
                <condition number="23" type="jump" coverage="50%" />
              </conditions>
            </line>
            <line number="105" hits="2" branch="False" />
            <line number="106" hits="2" branch="False" />
            <line number="107" hits="2" branch="False" />
            <line number="108" hits="2" branch="False" />
            <line number="109" hits="2" branch="False" />
            <line number="110" hits="2" branch="False" />
            <line number="111" hits="2" branch="False" />
            <line number="112" hits="2" branch="False" />
            <line number="113" hits="2" branch="False" />
            <line number="114" hits="2" branch="False" />
            <line number="115" hits="2" branch="False" />
            <line number="116" hits="2" branch="True" condition-coverage="50% (1/2)">
              <conditions>
                <condition number="89" type="jump" coverage="50%" />
              </conditions>
            </line>
            <line number="117" hits="2" branch="False" />
            <line number="118" hits="2" branch="False" />
            <line number="119" hits="2" branch="False" />
            <line number="120" hits="2" branch="False" />
            <line number="121" hits="2" branch="False" />
            <line number="122" hits="2" branch="False" />
            <line number="123" hits="2" branch="False" />
            <line number="124" hits="2" branch="False" />
            <line number="125" hits="2" branch="False" />
            <line number="126" hits="2" branch="False" />
            <line number="127" hits="2" branch="False" />
            <line number="128" hits="2" branch="False" />
            <line number="129" hits="2" branch="False" />
            <line number="130" hits="0" branch="False" />
            <line number="131" hits="0" branch="False" />
            <line number="132" hits="2" branch="False" />
            <line number="133" hits="0" branch="False" />
            <line number="134" hits="0" branch="False" />
            <line number="135" hits="0" branch="False" />
            <line number="136" hits="2" branch="False" />
            <line number="137" hits="0" branch="False" />
            <line number="138" hits="0" branch="False" />
            <line number="139" hits="0" branch="False" />
            <line number="140" hits="0" branch="False" />
            <line number="141" hits="2" branch="False" />
            <line number="142" hits="0" branch="False" />
            <line number="143" hits="0" branch="False" />
            <line number="144" hits="2" branch="False" />
            <line number="145" hits="0" branch="False" />
            <line number="146" hits="2" branch="False" />
            <line number="147" hits="0" branch="False" />
            <line number="148" hits="0" branch="False" />
            <line number="149" hits="2" branch="False" />
            <line number="150" hits="0" branch="False" />
            <line number="151" hits="2" branch="False" />
            <line number="152" hits="2" branch="False" />
            <line number="153" hits="2" branch="False" />
            <line number="154" hits="0" branch="False" />
            <line number="155" hits="0" branch="False" />
            <line number="156" hits="2" branch="False" />
            <line number="157" hits="2" branch="False" />
            <line number="158" hits="0" branch="False" />
            <line number="159" hits="2" branch="False" />
            <line number="160" hits="2" branch="False" />
            <line number="161" hits="2" branch="False" />
            <line number="162" hits="2" branch="False" />
            <line number="163" hits="2" branch="False" />
            <line number="164" hits="2" branch="False" />
            <line number="165" hits="2" branch="False" />
            <line number="166" hits="2" branch="False" />
            <line number="167" hits="2" branch="False" />
            <line number="168" hits="2" branch="False" />
            <line number="169" hits="2" branch="False" />
            <line number="170" hits="4" branch="False" />
            <line number="172" hits="2" branch="False" />
            <line number="179" hits="2" branch="False" />
            <line number="180" hits="2" branch="False" />
            <line number="181" hits="2" branch="False" />
            <line number="182" hits="2" branch="False" />
            <line number="183" hits="4" branch="False" />
            <line number="187" hits="2" branch="False" />
            <line number="188" hits="2" branch="False" />
            <line number="189" hits="2" branch="False" />
            <line number="190" hits="2" branch="False" />
            <line number="191" hits="2" branch="False" />
            <line number="192" hits="2" branch="False" />
            <line number="193" hits="2" branch="False" />
            <line number="194" hits="2" branch="False" />
            <line number="195" hits="4" branch="False" />
            <line number="196" hits="4" branch="False" />
            <line number="199" hits="2" branch="False" />
            <line number="202" hits="2" branch="False" />
            <line number="205" hits="2" branch="False" />
            <line number="207" hits="2" branch="False" />
            <line number="209" hits="2" branch="False" />
            <line number="212" hits="2" branch="False" />
            <line number="213" hits="2" branch="False" />
            <line number="214" hits="2" branch="False" />
            <line number="217" hits="2" branch="False" />
            <line number="219" hits="2" branch="False" />
            <line number="220" hits="2" branch="False" />
            <line number="221" hits="2" branch="False" />
            <line number="222" hits="2" branch="False" />
            <line number="223" hits="2" branch="False" />
            <line number="227" hits="2" branch="False" />
            <line number="228" hits="2" branch="False" />
            <line number="229" hits="0" branch="False" />
            <line number="230" hits="2" branch="False" />
            <line number="233" hits="2" branch="False" />
            <line number="234" hits="2" branch="False" />
            <line number="235" hits="0" branch="False" />
            <line number="236" hits="2" branch="False" />
            <line number="237" hits="2" branch="False" />
            <line number="239" hits="2" branch="False" />
            <line number="241" hits="2" branch="False" />
            <line number="242" hits="2" branch="False" />
            <line number="243" hits="0" branch="False" />
            <line number="245" hits="0" branch="False" />
            <line number="246" hits="0" branch="False" />
            <line number="249" hits="2" branch="False" />
            <line number="250" hits="2" branch="False" />
            <line number="255" hits="0" branch="False" />
            <line number="256" hits="0" branch="False" />
            <line number="257" hits="0" branch="False" />
            <line number="258" hits="0" branch="False" />
            <line number="259" hits="0" branch="False" />
            <line number="260" hits="0" branch="False" />
            <line number="261" hits="0" branch="False" />
            <line number="262" hits="0" branch="False" />
            <line number="263" hits="0" branch="False" />
            <line number="264" hits="0" branch="False" />
            <line number="265" hits="0" branch="False" />
            <line number="266" hits="0" branch="False" />
            <line number="267" hits="0" branch="False" />
            <line number="268" hits="0" branch="False" />
          </lines>
        </class>
        <class name="Program/&lt;&gt;c/&lt;&lt;&lt;Main&gt;$&gt;b__0_12&gt;d" filename="Onboarding.API\Program.cs" line-rate="1" branch-rate="0" complexity="18">
          <methods />
          <lines />
        </class>
        <class name="Microsoft.AspNetCore.OpenApi.Generated.&lt;OpenApiXmlCommentSupport_generated&gt;F801313F9849C10408D21A72E64095D1FED75E41189971FB44D3F282D7416C996__XmlComment" filename="Onboarding.API\obj\Release\net10.0\Microsoft.AspNetCore.OpenApi.SourceGenerators\Microsoft.AspNetCore.OpenApi.SourceGenerators.XmlCommentGenerator\OpenApiXmlCommentSupport.generated.cs" line-rate="0" branch-rate="1" complexity="10">
          <methods>
            <method name="get_Summary" signature="()" line-rate="0" branch-rate="1" complexity="1">
              <lines>
                <line number="47" hits="0" branch="False" />
              </lines>
            </method>
            <method name="get_Description" signature="()" line-rate="0" branch-rate="1" complexity="1">
              <lines>
                <line number="48" hits="0" branch="False" />
              </lines>
            </method>
            <method name="get_Remarks" signature="()" line-rate="0" branch-rate="1" complexity="1">
              <lines>
                <line number="49" hits="0" branch="False" />
              </lines>
            </method>
            <method name="get_Returns" signature="()" line-rate="0" branch-rate="1" complexity="1">
              <lines>
                <line number="50" hits="0" branch="False" />
              </lines>
            </method>
            <method name="get_Value" signature="()" line-rate="0" branch-rate="1" complexity="1">
              <lines>
                <line number="51" hits="0" branch="False" />
              </lines>
            </method>
            <method name="get_Deprecated" signature="()" line-rate="0" branch-rate="1" complexity="1">
              <lines>
                <line number="52" hits="0" branch="False" />
              </lines>
            </method>
            <method name="get_Examples" signature="()" line-rate="0" branch-rate="1" complexity="1">
              <lines>
                <line number="53" hits="0" branch="False" />
              </lines>
            </method>
            <method name="get_Parameters" signature="()" line-rate="0" branch-rate="1" complexity="1">
              <lines>
                <line number="54" hits="0" branch="False" />
              </lines>
            </method>
            <method name="get_Responses" signature="()" line-rate="0" branch-rate="1" complexity="1">
              <lines>
                <line number="55" hits="0" branch="False" />
              </lines>
            </method>
            <method name=".ctor" signature="(System.String,System.String,System.String,System.String,System.String,System.Boolean,System.Collections.Generic.List`1&lt;System.String&gt;,System.Collections.Generic.List`1&lt;Microsoft.AspNetCore.OpenApi.Generated.&lt;OpenApiXmlCommentSupport_generated&gt;F801313F9849C10408D21A72E64095D1FED75E41189971FB44D3F282D7416C996__XmlParameterComment&gt;,System.Collections.Generic.List`1&lt;Microsoft.AspNetCore.OpenApi.Generated.&lt;OpenApiXmlCommentSupport_generated&gt;F801313F9849C10408D21A72E64095D1FED75E41189971FB44D3F282D7416C996__XmlResponseComment&gt;)" line-rate="0" branch-rate="1" complexity="1">
              <lines>
                <line number="46" hits="0" branch="False" />
              </lines>
            </method>
          </methods>
          <lines>
            <line number="47" hits="0" branch="False" />
            <line number="48" hits="0" branch="False" />
            <line number="49" hits="0" branch="False" />
            <line number="50" hits="0" branch="False" />
            <line number="51" hits="0" branch="False" />
            <line number="52" hits="0" branch="False" />
            <line number="53" hits="0" branch="False" />
            <line number="54" hits="0" branch="False" />
            <line number="55" hits="0" branch="False" />
            <line number="46" hits="0" branch="False" />
          </lines>
        </class>
        <class name="Microsoft.AspNetCore.OpenApi.Generated.&lt;OpenApiXmlCommentSupport_generated&gt;F801313F9849C10408D21A72E64095D1FED75E41189971FB44D3F282D7416C996__XmlParameterComment" filename="Onboarding.API\obj\Release\net10.0\Microsoft.AspNetCore.OpenApi.SourceGenerators\Microsoft.AspNetCore.OpenApi.SourceGenerators.XmlCommentGenerator\OpenApiXmlCommentSupport.generated.cs" line-rate="0" branch-rate="1" complexity="1">
          <methods>
            <method name="get_Name" signature="()" line-rate="0" branch-rate="1" complexity="1">
              <lines>
                <line number="58" hits="0" branch="False" />
              </lines>
            </method>
          </methods>
          <lines>
            <line number="58" hits="0" branch="False" />
          </lines>
        </class>
        <class name="Microsoft.AspNetCore.OpenApi.Generated.&lt;OpenApiXmlCommentSupport_generated&gt;F801313F9849C10408D21A72E64095D1FED75E41189971FB44D3F282D7416C996__XmlResponseComment" filename="Onboarding.API\obj\Release\net10.0\Microsoft.AspNetCore.OpenApi.SourceGenerators\Microsoft.AspNetCore.OpenApi.SourceGenerators.XmlCommentGenerator\OpenApiXmlCommentSupport.generated.cs" line-rate="0" branch-rate="1" complexity="1">
          <methods>
            <method name="get_Code" signature="()" line-rate="0" branch-rate="1" complexity="1">
              <lines>
                <line number="61" hits="0" branch="False" />
              </lines>
            </method>
          </methods>
          <lines>
            <line number="61" hits="0" branch="False" />
          </lines>
        </class>
        <class name="Microsoft.AspNetCore.OpenApi.Generated.&lt;OpenApiXmlCommentSupport_generated&gt;F801313F9849C10408D21A72E64095D1FED75E41189971FB44D3F282D7416C996__XmlCommentCache" filename="Onboarding.API\obj\Release\net10.0\Microsoft.AspNetCore.OpenApi.SourceGenerators\Microsoft.AspNetCore.OpenApi.SourceGenerators.XmlCommentGenerator\OpenApiXmlCommentSupport.generated.cs" line-rate="0" branch-rate="0" complexity="3">
          <methods>
            <method name="get_Cache" signature="()" line-rate="0" branch-rate="0" complexity="2">
              <lines>
                <line number="67" hits="0" branch="True" condition-coverage="0% (0/2)">
                  <conditions>
                    <condition number="6" type="jump" coverage="0%" />
                  </conditions>
                </line>
              </lines>
            </method>
            <method name="GenerateCacheEntries" signature="()" line-rate="0" branch-rate="1" complexity="1">
              <lines>
                <line number="71" hits="0" branch="False" />
                <line number="74" hits="0" branch="False" />
              </lines>
            </method>
          </methods>
          <lines>
            <line number="67" hits="0" branch="True" condition-coverage="0% (0/2)">
              <conditions>
                <condition number="6" type="jump" coverage="0%" />
              </conditions>
            </line>
            <line number="71" hits="0" branch="False" />
            <line number="74" hits="0" branch="False" />
          </lines>
        </class>
        <class name="Microsoft.AspNetCore.OpenApi.Generated.&lt;OpenApiXmlCommentSupport_generated&gt;F801313F9849C10408D21A72E64095D1FED75E41189971FB44D3F282D7416C996__DocumentationCommentIdHelper" filename="Onboarding.API\obj\Release\net10.0\Microsoft.AspNetCore.OpenApi.SourceGenerators\Microsoft.AspNetCore.OpenApi.SourceGenerators.XmlCommentGenerator\OpenApiXmlCommentSupport.generated.cs" line-rate="0" branch-rate="0" complexity="68">
          <methods>
            <method name="CreateDocumentationId" signature="(System.Type)" line-rate="0" branch-rate="0" complexity="2">
              <lines>
                <line number="87" hits="0" branch="True" condition-coverage="0% (0/2)">
                  <conditions>
                    <condition number="7" type="jump" coverage="0%" />
                  </conditions>
                </line>
                <line number="89" hits="0" branch="False" />
                <line number="92" hits="0" branch="False" />
              </lines>
            </method>
            <method name="CreateDocumentationId" signature="(System.Reflection.PropertyInfo)" line-rate="0" branch-rate="0" complexity="10">
              <lines>
                <line number="101" hits="0" branch="True" condition-coverage="0% (0/2)">
                  <conditions>
                    <condition number="7" type="jump" coverage="0%" />
                  </conditions>
                </line>
                <line number="103" hits="0" branch="False" />
                <line number="106" hits="0" branch="False" />
                <line number="107" hits="0" branch="False" />
                <line number="109" hits="0" branch="True" condition-coverage="0% (0/2)">
                  <conditions>
                    <condition number="50" type="jump" coverage="0%" />
                  </conditions>
                </line>
                <line number="111" hits="0" branch="False" />
                <line number="114" hits="0" branch="False" />
                <line number="115" hits="0" branch="False" />
                <line number="118" hits="0" branch="False" />
                <line number="119" hits="0" branch="True" condition-coverage="0% (0/2)">
                  <conditions>
                    <condition number="103" type="jump" coverage="0%" />
                  </conditions>
                </line>
                <line number="121" hits="0" branch="False" />
                <line number="122" hits="0" branch="True" condition-coverage="0% (0/2)">
                  <conditions>
                    <condition number="161" type="jump" coverage="0%" />
                  </conditions>
                </line>
                <line number="124" hits="0" branch="True" condition-coverage="0% (0/2)">
                  <conditions>
                    <condition number="120" type="jump" coverage="0%" />
                  </conditions>
                </line>
                <line number="126" hits="0" branch="False" />
                <line number="129" hits="0" branch="False" />
                <line number="131" hits="0" branch="False" />
                <line number="134" hits="0" branch="False" />
              </lines>
            </method>
            <method name="CreateDocumentationId" signature="(System.Type,System.String)" line-rate="0" branch-rate="0" complexity="4">
              <lines>
                <line number="143" hits="0" branch="True" condition-coverage="0% (0/2)">
                  <conditions>
                    <condition number="7" type="jump" coverage="0%" />
                  </conditions>
                </line>
                <line number="145" hits="0" branch="False" />
                <line number="147" hits="0" branch="True" condition-coverage="0% (0/2)">
                  <conditions>
                    <condition number="26" type="jump" coverage="0%" />
                  </conditions>
                </line>
                <line number="149" hits="0" branch="False" />
                <line number="152" hits="0" branch="False" />
                <line number="153" hits="0" branch="False" />
                <line number="154" hits="0" branch="False" />
                <line number="155" hits="0" branch="False" />
                <line number="156" hits="0" branch="False" />
                <line number="158" hits="0" branch="False" />
              </lines>
            </method>
            <method name="CreateDocumentationId" signature="(System.Reflection.MethodInfo)" line-rate="0" branch-rate="0" complexity="18">
              <lines>
                <line number="169" hits="0" branch="True" condition-coverage="0% (0/2)">
                  <conditions>
                    <condition number="7" type="jump" coverage="0%" />
                  </conditions>
                </line>
                <line number="171" hits="0" branch="False" />
                <line number="174" hits="0" branch="False" />
                <line number="175" hits="0" branch="False" />
                <line number="178" hits="0" branch="True" condition-coverage="0% (0/2)">
                  <conditions>
                    <condition number="50" type="jump" coverage="0%" />
                  </conditions>
                </line>
                <line number="180" hits="0" branch="False" />
                <line number="183" hits="0" branch="False" />
                <line number="186" hits="0" branch="True" condition-coverage="0% (0/2)">
                  <conditions>
                    <condition number="87" type="jump" coverage="0%" />
                  </conditions>
                </line>
                <line number="188" hits="0" branch="True" condition-coverage="0% (0/2)">
                  <conditions>
                    <condition number="96" type="jump" coverage="0%" />
                  </conditions>
                </line>
                <line number="192" hits="0" branch="False" />
                <line number="193" hits="0" branch="True" condition-coverage="0% (0/2)">
                  <conditions>
                    <condition number="137" type="jump" coverage="0%" />
                  </conditions>
                </line>
                <line number="195" hits="0" branch="False" />
                <line number="196" hits="0" branch="False" />
                <line number="201" hits="0" branch="False" />
                <line number="202" hits="0" branch="True" condition-coverage="0% (0/2)">
                  <conditions>
                    <condition number="190" type="jump" coverage="0%" />
                  </conditions>
                </line>
                <line number="204" hits="0" branch="False" />
                <line number="205" hits="0" branch="True" condition-coverage="0% (0/2)">
                  <conditions>
                    <condition number="248" type="jump" coverage="0%" />
                  </conditions>
                </line>
                <line number="207" hits="0" branch="True" condition-coverage="0% (0/2)">
                  <conditions>
                    <condition number="207" type="jump" coverage="0%" />
                  </conditions>
                </line>
                <line number="209" hits="0" branch="False" />
                <line number="213" hits="0" branch="False" />
                <line number="215" hits="0" branch="False" />
                <line number="219" hits="0" branch="True" condition-coverage="0% (0/2)">
                  <conditions>
                    <condition number="280" type="jump" coverage="0%" />
                  </conditions>
                </line>
                <line number="221" hits="0" branch="False" />
                <line number="223" hits="0" branch="False" />
                <line number="226" hits="0" branch="False" />
              </lines>
            </method>
            <method name="GetTypeDocId" signature="(System.Type,System.Boolean,System.Boolean)" line-rate="0" branch-rate="0" complexity="28">
              <lines>
                <line number="239" hits="0" branch="True" condition-coverage="0% (0/2)">
                  <conditions>
                    <condition number="6" type="jump" coverage="0%" />
                  </conditions>
                </line>
                <line number="242" hits="0" branch="True" condition-coverage="0% (0/2)">
                  <conditions>
                    <condition number="20" type="jump" coverage="0%" />
                  </conditions>
                </line>
                <line number="244" hits="0" branch="False" />
                <line number="246" hits="0" branch="True" condition-coverage="0% (0/2)">
                  <conditions>
                    <condition number="59" type="jump" coverage="0%" />
                  </conditions>
                </line>
                <line number="248" hits="0" branch="False" />
                <line number="252" hits="0" branch="False" />
                <line number="256" hits="0" branch="True" condition-coverage="0% (0/2)">
                  <conditions>
                    <condition number="99" type="jump" coverage="0%" />
                  </conditions>
                </line>
                <line number="258" hits="0" branch="False" />
                <line number="259" hits="0" branch="True" condition-coverage="0% (0/2)">
                  <conditions>
                    <condition number="118" type="jump" coverage="0%" />
                  </conditions>
                </line>
                <line number="261" hits="0" branch="False" />
                <line number="264" hits="0" branch="True" condition-coverage="0% (0/2)">
                  <conditions>
                    <condition number="201" type="jump" coverage="0%" />
                  </conditions>
                </line>
                <line number="266" hits="0" branch="False" />
                <line number="267" hits="0" branch="True" condition-coverage="0% (0/2)">
                  <conditions>
                    <condition number="159" type="jump" coverage="0%" />
                  </conditions>
                </line>
                <line number="269" hits="0" branch="False" />
                <line number="271" hits="0" branch="True" condition-coverage="0% (0/2)">
                  <conditions>
                    <condition number="176" type="jump" coverage="0%" />
                  </conditions>
                </line>
                <line number="277" hits="0" branch="False" />
                <line number="281" hits="0" branch="True" condition-coverage="0% (0/2)">
                  <conditions>
                    <condition number="204" type="jump" coverage="0%" />
                  </conditions>
                </line>
                <line number="283" hits="0" branch="False" />
                <line number="284" hits="0" branch="False" />
                <line number="285" hits="0" branch="False" />
                <line number="288" hits="0" branch="True" condition-coverage="0% (0/4)">
                  <conditions>
                    <condition number="250" type="jump" coverage="0%" />
                    <condition number="258" type="jump" coverage="0%" />
                  </conditions>
                </line>
                <line number="290" hits="0" branch="False" />
                <line number="291" hits="0" branch="False" />
                <line number="293" hits="0" branch="True" condition-coverage="0% (0/2)">
                  <conditions>
                    <condition number="327" type="jump" coverage="0%" />
                  </conditions>
                </line>
                <line number="295" hits="0" branch="True" condition-coverage="0% (0/2)">
                  <conditions>
                    <condition number="285" type="jump" coverage="0%" />
                  </conditions>
                </line>
                <line number="297" hits="0" branch="False" />
                <line number="300" hits="0" branch="False" />
                <line number="303" hits="0" branch="False" />
                <line number="306" hits="0" branch="False" />
                <line number="310" hits="0" branch="True" condition-coverage="0% (0/2)">
                  <conditions>
                    <condition number="352" type="jump" coverage="0%" />
                  </conditions>
                </line>
              </lines>
            </method>
            <method name="NormalizeDocId" signature="(System.String)" line-rate="0" branch-rate="0" complexity="6">
              <lines>
                <line number="322" hits="0" branch="False" />
                <line number="323" hits="0" branch="True" condition-coverage="0% (0/2)">
                  <conditions>
                    <condition number="11" type="jump" coverage="0%" />
                  </conditions>
                </line>
                <line number="326" hits="0" branch="False" />
                <line number="331" hits="0" branch="True" condition-coverage="0% (0/4)">
                  <conditions>
                    <condition number="26" type="jump" coverage="0%" />
                    <condition number="39" type="jump" coverage="0%" />
                  </conditions>
                </line>
                <line number="333" hits="0" branch="False" />
                <line number="337" hits="0" branch="False" />
              </lines>
            </method>
          </methods>
          <lines>
            <line number="87" hits="0" branch="True" condition-coverage="0% (0/2)">
              <conditions>
                <condition number="7" type="jump" coverage="0%" />
              </conditions>
            </line>
            <line number="89" hits="0" branch="False" />
            <line number="92" hits="0" branch="False" />
            <line number="101" hits="0" branch="True" condition-coverage="0% (0/2)">
              <conditions>
                <condition number="7" type="jump" coverage="0%" />
              </conditions>
            </line>
            <line number="103" hits="0" branch="False" />
            <line number="106" hits="0" branch="False" />
            <line number="107" hits="0" branch="False" />
            <line number="109" hits="0" branch="True" condition-coverage="0% (0/2)">
              <conditions>
                <condition number="50" type="jump" coverage="0%" />
              </conditions>
            </line>
            <line number="111" hits="0" branch="False" />
            <line number="114" hits="0" branch="False" />
            <line number="115" hits="0" branch="False" />
            <line number="118" hits="0" branch="False" />
            <line number="119" hits="0" branch="True" condition-coverage="0% (0/2)">
              <conditions>
                <condition number="103" type="jump" coverage="0%" />
              </conditions>
            </line>
            <line number="121" hits="0" branch="False" />
            <line number="122" hits="0" branch="True" condition-coverage="0% (0/2)">
              <conditions>
                <condition number="161" type="jump" coverage="0%" />
              </conditions>
            </line>
            <line number="124" hits="0" branch="True" condition-coverage="0% (0/2)">
              <conditions>
                <condition number="120" type="jump" coverage="0%" />
              </conditions>
            </line>
            <line number="126" hits="0" branch="False" />
            <line number="129" hits="0" branch="False" />
            <line number="131" hits="0" branch="False" />
            <line number="134" hits="0" branch="False" />
            <line number="143" hits="0" branch="True" condition-coverage="0% (0/2)">
              <conditions>
                <condition number="7" type="jump" coverage="0%" />
              </conditions>
            </line>
            <line number="145" hits="0" branch="False" />
            <line number="147" hits="0" branch="True" condition-coverage="0% (0/2)">
              <conditions>
                <condition number="26" type="jump" coverage="0%" />
              </conditions>
            </line>
            <line number="149" hits="0" branch="False" />
            <line number="152" hits="0" branch="False" />
            <line number="153" hits="0" branch="False" />
            <line number="154" hits="0" branch="False" />
            <line number="155" hits="0" branch="False" />
            <line number="156" hits="0" branch="False" />
            <line number="158" hits="0" branch="False" />
            <line number="169" hits="0" branch="True" condition-coverage="0% (0/2)">
              <conditions>
                <condition number="7" type="jump" coverage="0%" />
              </conditions>
            </line>
            <line number="171" hits="0" branch="False" />
            <line number="174" hits="0" branch="False" />
            <line number="175" hits="0" branch="False" />
            <line number="178" hits="0" branch="True" condition-coverage="0% (0/2)">
              <conditions>
                <condition number="50" type="jump" coverage="0%" />
              </conditions>
            </line>
            <line number="180" hits="0" branch="False" />
            <line number="183" hits="0" branch="False" />
            <line number="186" hits="0" branch="True" condition-coverage="0% (0/2)">
              <conditions>
                <condition number="87" type="jump" coverage="0%" />
              </conditions>
            </line>
            <line number="188" hits="0" branch="True" condition-coverage="0% (0/2)">
              <conditions>
                <condition number="96" type="jump" coverage="0%" />
              </conditions>
            </line>
            <line number="192" hits="0" branch="False" />
            <line number="193" hits="0" branch="True" condition-coverage="0% (0/2)">
              <conditions>
                <condition number="137" type="jump" coverage="0%" />
              </conditions>
            </line>
            <line number="195" hits="0" branch="False" />
            <line number="196" hits="0" branch="False" />
            <line number="201" hits="0" branch="False" />
            <line number="202" hits="0" branch="True" condition-coverage="0% (0/2)">
              <conditions>
                <condition number="190" type="jump" coverage="0%" />
              </conditions>
            </line>
            <line number="204" hits="0" branch="False" />
            <line number="205" hits="0" branch="True" condition-coverage="0% (0/2)">
              <conditions>
                <condition number="248" type="jump" coverage="0%" />
              </conditions>
            </line>
            <line number="207" hits="0" branch="True" condition-coverage="0% (0/2)">
              <conditions>
                <condition number="207" type="jump" coverage="0%" />
              </conditions>
            </line>
            <line number="209" hits="0" branch="False" />
            <line number="213" hits="0" branch="False" />
            <line number="215" hits="0" branch="False" />
            <line number="219" hits="0" branch="True" condition-coverage="0% (0/2)">
              <conditions>
                <condition number="280" type="jump" coverage="0%" />
              </conditions>
            </line>
            <line number="221" hits="0" branch="False" />
            <line number="223" hits="0" branch="False" />
            <line number="226" hits="0" branch="False" />
            <line number="239" hits="0" branch="True" condition-coverage="0% (0/2)">
              <conditions>
                <condition number="6" type="jump" coverage="0%" />
              </conditions>
            </line>
            <line number="242" hits="0" branch="True" condition-coverage="0% (0/2)">
              <conditions>
                <condition number="20" type="jump" coverage="0%" />
              </conditions>
            </line>
            <line number="244" hits="0" branch="False" />
            <line number="246" hits="0" branch="True" condition-coverage="0% (0/2)">
              <conditions>
                <condition number="59" type="jump" coverage="0%" />
              </conditions>
            </line>
            <line number="248" hits="0" branch="False" />
            <line number="252" hits="0" branch="False" />
            <line number="256" hits="0" branch="True" condition-coverage="0% (0/2)">
              <conditions>
                <condition number="99" type="jump" coverage="0%" />
              </conditions>
            </line>
            <line number="258" hits="0" branch="False" />
            <line number="259" hits="0" branch="True" condition-coverage="0% (0/2)">
              <conditions>
                <condition number="118" type="jump" coverage="0%" />
              </conditions>
            </line>
            <line number="261" hits="0" branch="False" />
            <line number="264" hits="0" branch="True" condition-coverage="0% (0/2)">
              <conditions>
                <condition number="201" type="jump" coverage="0%" />
              </conditions>
            </line>
            <line number="266" hits="0" branch="False" />
            <line number="267" hits="0" branch="True" condition-coverage="0% (0/2)">
              <conditions>
                <condition number="159" type="jump" coverage="0%" />
              </conditions>
            </line>
            <line number="269" hits="0" branch="False" />
            <line number="271" hits="0" branch="True" condition-coverage="0% (0/2)">
              <conditions>
                <condition number="176" type="jump" coverage="0%" />
              </conditions>
            </line>
            <line number="277" hits="0" branch="False" />
            <line number="281" hits="0" branch="True" condition-coverage="0% (0/2)">
              <conditions>
                <condition number="204" type="jump" coverage="0%" />
              </conditions>
            </line>
            <line number="283" hits="0" branch="False" />
            <line number="284" hits="0" branch="False" />
            <line number="285" hits="0" branch="False" />
            <line number="288" hits="0" branch="True" condition-coverage="0% (0/4)">
              <conditions>
                <condition number="250" type="jump" coverage="0%" />
                <condition number="258" type="jump" coverage="0%" />
              </conditions>
            </line>
            <line number="290" hits="0" branch="False" />
            <line number="291" hits="0" branch="False" />
            <line number="293" hits="0" branch="True" condition-coverage="0% (0/2)">
              <conditions>
                <condition number="327" type="jump" coverage="0%" />
              </conditions>
            </line>
            <line number="295" hits="0" branch="True" condition-coverage="0% (0/2)">
              <conditions>
                <condition number="285" type="jump" coverage="0%" />
              </conditions>
            </line>
            <line number="297" hits="0" branch="False" />
            <line number="300" hits="0" branch="False" />
            <line number="303" hits="0" branch="False" />
            <line number="306" hits="0" branch="False" />
            <line number="310" hits="0" branch="True" condition-coverage="0% (0/2)">
              <conditions>
                <condition number="352" type="jump" coverage="0%" />
              </conditions>
            </line>
            <line number="322" hits="0" branch="False" />
            <line number="323" hits="0" branch="True" condition-coverage="0% (0/2)">
              <conditions>
                <condition number="11" type="jump" coverage="0%" />
              </conditions>
            </line>
            <line number="326" hits="0" branch="False" />
            <line number="331" hits="0" branch="True" condition-coverage="0% (0/4)">
              <conditions>
                <condition number="26" type="jump" coverage="0%" />
                <condition number="39" type="jump" coverage="0%" />
              </conditions>
            </line>
            <line number="333" hits="0" branch="False" />
            <line number="337" hits="0" branch="False" />
          </lines>
        </class>
        <class name="Microsoft.AspNetCore.OpenApi.Generated.&lt;OpenApiXmlCommentSupport_generated&gt;F801313F9849C10408D21A72E64095D1FED75E41189971FB44D3F282D7416C996__XmlCommentOperationTransformer" filename="Onboarding.API\obj\Release\net10.0\Microsoft.AspNetCore.OpenApi.SourceGenerators\Microsoft.AspNetCore.OpenApi.SourceGenerators.XmlCommentGenerator\OpenApiXmlCommentSupport.generated.cs" line-rate="0" branch-rate="0" complexity="100">
          <methods>
            <method name="TransformAsync" signature="(Microsoft.OpenApi.OpenApiOperation,Microsoft.AspNetCore.OpenApi.OpenApiOperationTransformerContext,System.Threading.CancellationToken)" line-rate="0" branch-rate="0" complexity="94">
              <lines>
                <line number="346" hits="0" branch="True" condition-coverage="0% (0/2)">
                  <conditions>
                    <condition number="18" type="jump" coverage="0%" />
                  </conditions>
                </line>
                <line number="347" hits="0" branch="False" />
                <line number="348" hits="0" branch="False" />
                <line number="350" hits="0" branch="True" condition-coverage="0% (0/2)">
                  <conditions>
                    <condition number="56" type="jump" coverage="0%" />
                  </conditions>
                </line>
                <line number="352" hits="0" branch="False" />
                <line number="354" hits="0" branch="True" condition-coverage="0% (0/2)">
                  <conditions>
                    <condition number="87" type="jump" coverage="0%" />
                  </conditions>
                </line>
                <line number="356" hits="0" branch="True" condition-coverage="0% (0/2)">
                  <conditions>
                    <condition number="100" type="jump" coverage="0%" />
                  </conditions>
                </line>
                <line number="358" hits="0" branch="False" />
                <line number="360" hits="0" branch="True" condition-coverage="0% (0/2)">
                  <conditions>
                    <condition number="119" type="jump" coverage="0%" />
                  </conditions>
                </line>
                <line number="362" hits="0" branch="False" />
                <line number="364" hits="0" branch="True" condition-coverage="0% (0/2)">
                  <conditions>
                    <condition number="139" type="jump" coverage="0%" />
                  </conditions>
                </line>
                <line number="366" hits="0" branch="False" />
                <line number="368" hits="0" branch="True" condition-coverage="0% (0/4)">
                  <conditions>
                    <condition number="159" type="jump" coverage="0%" />
                    <condition number="172" type="jump" coverage="0%" />
                  </conditions>
                </line>
                <line number="370" hits="0" branch="True" condition-coverage="0% (0/2)">
                  <conditions>
                    <condition number="508" type="jump" coverage="0%" />
                  </conditions>
                </line>
                <line number="372" hits="0" branch="False" />
                <line number="373" hits="0" branch="True" condition-coverage="0% (0/2)">
                  <conditions>
                    <condition number="249" type="jump" coverage="0%" />
                  </conditions>
                </line>
                <line number="374" hits="0" branch="True" condition-coverage="0% (0/2)">
                  <conditions>
                    <condition number="277" type="jump" coverage="0%" />
                  </conditions>
                </line>
                <line number="376" hits="0" branch="False" />
                <line number="377" hits="0" branch="False" />
                <line number="378" hits="0" branch="True" condition-coverage="0% (0/2)">
                  <conditions>
                    <condition number="323" type="jump" coverage="0%" />
                  </conditions>
                </line>
                <line number="380" hits="0" branch="False" />
                <line number="382" hits="0" branch="False" />
                <line number="386" hits="0" branch="False" />
                <line number="387" hits="0" branch="True" condition-coverage="0% (0/2)">
                  <conditions>
                    <condition number="373" type="jump" coverage="0%" />
                  </conditions>
                </line>
                <line number="389" hits="0" branch="False" />
                <line number="390" hits="0" branch="True" condition-coverage="0% (0/2)">
                  <conditions>
                    <condition number="410" type="jump" coverage="0%" />
                  </conditions>
                </line>
                <line number="392" hits="0" branch="True" condition-coverage="0% (0/4)">
                  <conditions>
                    <condition number="414" type="jump" coverage="0%" />
                    <condition number="427" type="jump" coverage="0%" />
                  </conditions>
                </line>
                <line number="393" hits="0" branch="True" condition-coverage="0% (0/2)">
                  <conditions>
                    <condition number="442" type="jump" coverage="0%" />
                  </conditions>
                </line>
                <line number="397" hits="0" branch="True" condition-coverage="0% (0/2)">
                  <conditions>
                    <condition number="485" type="jump" coverage="0%" />
                  </conditions>
                </line>
                <line number="399" hits="0" branch="False" />
                <line number="407" hits="0" branch="True" condition-coverage="0% (0/6)">
                  <conditions>
                    <condition number="539" type="jump" coverage="0%" />
                    <condition number="551" type="jump" coverage="0%" />
                    <condition number="561" type="jump" coverage="0%" />
                  </conditions>
                </line>
                <line number="409" hits="0" branch="False" />
                <line number="410" hits="0" branch="False" />
                <line number="413" hits="0" branch="True" condition-coverage="0% (0/8)">
                  <conditions>
                    <condition number="600" type="jump" coverage="0%" />
                    <condition number="613" type="jump" coverage="0%" />
                    <condition number="628" type="jump" coverage="0%" />
                    <condition number="638" type="jump" coverage="0%" />
                  </conditions>
                </line>
                <line number="415" hits="0" branch="True" condition-coverage="0% (0/2)">
                  <conditions>
                    <condition number="737" type="jump" coverage="0%" />
                  </conditions>
                </line>
                <line number="417" hits="0" branch="False" />
                <line number="418" hits="0" branch="True" condition-coverage="0% (0/2)">
                  <conditions>
                    <condition number="704" type="jump" coverage="0%" />
                  </conditions>
                </line>
                <line number="420" hits="0" branch="False" />
                <line number="425" hits="0" branch="True" condition-coverage="0% (0/2)">
                  <conditions>
                    <condition number="1238" type="jump" coverage="0%" />
                  </conditions>
                </line>
                <line number="427" hits="0" branch="False" />
                <line number="428" hits="0" branch="True" condition-coverage="0% (0/8)">
                  <conditions>
                    <condition number="815" type="jump" coverage="0%" />
                    <condition number="833" type="jump" coverage="0%" />
                    <condition number="854" type="jump" coverage="0%" />
                    <condition number="875" type="jump" coverage="0%" />
                  </conditions>
                </line>
                <line number="429" hits="0" branch="False" />
                <line number="430" hits="0" branch="False" />
                <line number="431" hits="0" branch="False" />
                <line number="433" hits="0" branch="False" />
                <line number="434" hits="0" branch="True" condition-coverage="0% (0/2)">
                  <conditions>
                    <condition number="910" type="jump" coverage="0%" />
                  </conditions>
                </line>
                <line number="436" hits="0" branch="True" condition-coverage="0% (0/2)">
                  <conditions>
                    <condition number="922" type="jump" coverage="0%" />
                  </conditions>
                </line>
                <line number="437" hits="0" branch="False" />
                <line number="438" hits="0" branch="True" condition-coverage="0% (0/4)">
                  <conditions>
                    <condition number="964" type="jump" coverage="0%" />
                    <condition number="978" type="jump" coverage="0%" />
                  </conditions>
                </line>
                <line number="440" hits="0" branch="False" />
                <line number="442" hits="0" branch="True" condition-coverage="0% (0/2)">
                  <conditions>
                    <condition number="1010" type="jump" coverage="0%" />
                  </conditions>
                </line>
                <line number="444" hits="0" branch="False" />
                <line number="446" hits="0" branch="True" condition-coverage="0% (0/2)">
                  <conditions>
                    <condition number="1023" type="jump" coverage="0%" />
                  </conditions>
                </line>
                <line number="448" hits="0" branch="True" condition-coverage="0% (0/2)">
                  <conditions>
                    <condition number="1034" type="jump" coverage="0%" />
                  </conditions>
                </line>
                <line number="450" hits="0" branch="False" />
                <line number="451" hits="0" branch="True" condition-coverage="0% (0/4)">
                  <conditions>
                    <condition number="1060" type="jump" coverage="0%" />
                    <condition number="1075" type="jump" coverage="0%" />
                  </conditions>
                </line>
                <line number="453" hits="0" branch="True" condition-coverage="0% (0/2)">
                  <conditions>
                    <condition number="1092" type="jump" coverage="0%" />
                  </conditions>
                </line>
                <line number="454" hits="0" branch="True" condition-coverage="0% (0/2)">
                  <conditions>
                    <condition number="1107" type="jump" coverage="0%" />
                  </conditions>
                </line>
                <line number="458" hits="0" branch="False" />
                <line number="459" hits="0" branch="True" condition-coverage="0% (0/2)">
                  <conditions>
                    <condition number="1154" type="jump" coverage="0%" />
                  </conditions>
                </line>
                <line number="461" hits="0" branch="False" />
                <line number="467" hits="0" branch="False" />
                <line number="468" hits="0" branch="True" condition-coverage="0% (0/2)">
                  <conditions>
                    <condition number="1181" type="jump" coverage="0%" />
                  </conditions>
                </line>
                <line number="470" hits="0" branch="False" />
                <line number="471" hits="0" branch="True" condition-coverage="0% (0/4)">
                  <conditions>
                    <condition number="1200" type="jump" coverage="0%" />
                    <condition number="1215" type="jump" coverage="0%" />
                  </conditions>
                </line>
                <line number="473" hits="0" branch="False" />
                <line number="480" hits="0" branch="False" />
              </lines>
            </method>
            <method name="UnwrapOpenApiParameter" signature="(Microsoft.OpenApi.IOpenApiParameter)" line-rate="0" branch-rate="0" complexity="6">
              <lines>
                <line number="485" hits="0" branch="True" condition-coverage="0% (0/2)">
                  <conditions>
                    <condition number="8" type="jump" coverage="0%" />
                  </conditions>
                </line>
                <line number="487" hits="0" branch="True" condition-coverage="0% (0/2)">
                  <conditions>
                    <condition number="23" type="jump" coverage="0%" />
                  </conditions>
                </line>
                <line number="489" hits="0" branch="False" />
                <line number="493" hits="0" branch="False" />
                <line number="496" hits="0" branch="True" condition-coverage="0% (0/2)">
                  <conditions>
                    <condition number="46" type="jump" coverage="0%" />
                  </conditions>
                </line>
                <line number="498" hits="0" branch="False" />
                <line number="502" hits="0" branch="False" />
              </lines>
            </method>
          </methods>
          <lines>
            <line number="346" hits="0" branch="True" condition-coverage="0% (0/2)">
              <conditions>
                <condition number="18" type="jump" coverage="0%" />
              </conditions>
            </line>
            <line number="347" hits="0" branch="False" />
            <line number="348" hits="0" branch="False" />
            <line number="350" hits="0" branch="True" condition-coverage="0% (0/2)">
              <conditions>
                <condition number="56" type="jump" coverage="0%" />
              </conditions>
            </line>
            <line number="352" hits="0" branch="False" />
            <line number="354" hits="0" branch="True" condition-coverage="0% (0/2)">
              <conditions>
                <condition number="87" type="jump" coverage="0%" />
              </conditions>
            </line>
            <line number="356" hits="0" branch="True" condition-coverage="0% (0/2)">
              <conditions>
                <condition number="100" type="jump" coverage="0%" />
              </conditions>
            </line>
            <line number="358" hits="0" branch="False" />
            <line number="360" hits="0" branch="True" condition-coverage="0% (0/2)">
              <conditions>
                <condition number="119" type="jump" coverage="0%" />
              </conditions>
            </line>
            <line number="362" hits="0" branch="False" />
            <line number="364" hits="0" branch="True" condition-coverage="0% (0/2)">
              <conditions>
                <condition number="139" type="jump" coverage="0%" />
              </conditions>
            </line>
            <line number="366" hits="0" branch="False" />
            <line number="368" hits="0" branch="True" condition-coverage="0% (0/4)">
              <conditions>
                <condition number="159" type="jump" coverage="0%" />
                <condition number="172" type="jump" coverage="0%" />
              </conditions>
            </line>
            <line number="370" hits="0" branch="True" condition-coverage="0% (0/2)">
              <conditions>
                <condition number="508" type="jump" coverage="0%" />
              </conditions>
            </line>
            <line number="372" hits="0" branch="False" />
            <line number="373" hits="0" branch="True" condition-coverage="0% (0/2)">
              <conditions>
                <condition number="249" type="jump" coverage="0%" />
              </conditions>
            </line>
            <line number="374" hits="0" branch="True" condition-coverage="0% (0/2)">
              <conditions>
                <condition number="277" type="jump" coverage="0%" />
              </conditions>
            </line>
            <line number="376" hits="0" branch="False" />
            <line number="377" hits="0" branch="False" />
            <line number="378" hits="0" branch="True" condition-coverage="0% (0/2)">
              <conditions>
                <condition number="323" type="jump" coverage="0%" />
              </conditions>
            </line>
            <line number="380" hits="0" branch="False" />
            <line number="382" hits="0" branch="False" />
            <line number="386" hits="0" branch="False" />
            <line number="387" hits="0" branch="True" condition-coverage="0% (0/2)">
              <conditions>
                <condition number="373" type="jump" coverage="0%" />
              </conditions>
            </line>
            <line number="389" hits="0" branch="False" />
            <line number="390" hits="0" branch="True" condition-coverage="0% (0/2)">
              <conditions>
                <condition number="410" type="jump" coverage="0%" />
              </conditions>
            </line>
            <line number="392" hits="0" branch="True" condition-coverage="0% (0/4)">
              <conditions>
                <condition number="414" type="jump" coverage="0%" />
                <condition number="427" type="jump" coverage="0%" />
              </conditions>
            </line>
            <line number="393" hits="0" branch="True" condition-coverage="0% (0/2)">
              <conditions>
                <condition number="442" type="jump" coverage="0%" />
              </conditions>
            </line>
            <line number="397" hits="0" branch="True" condition-coverage="0% (0/2)">
              <conditions>
                <condition number="485" type="jump" coverage="0%" />
              </conditions>
            </line>
            <line number="399" hits="0" branch="False" />
            <line number="407" hits="0" branch="True" condition-coverage="0% (0/6)">
              <conditions>
                <condition number="539" type="jump" coverage="0%" />
                <condition number="551" type="jump" coverage="0%" />
                <condition number="561" type="jump" coverage="0%" />
              </conditions>
            </line>
            <line number="409" hits="0" branch="False" />
            <line number="410" hits="0" branch="False" />
            <line number="413" hits="0" branch="True" condition-coverage="0% (0/8)">
              <conditions>
                <condition number="600" type="jump" coverage="0%" />
                <condition number="613" type="jump" coverage="0%" />
                <condition number="628" type="jump" coverage="0%" />
                <condition number="638" type="jump" coverage="0%" />
              </conditions>
            </line>
            <line number="415" hits="0" branch="True" condition-coverage="0% (0/2)">
              <conditions>
                <condition number="737" type="jump" coverage="0%" />
              </conditions>
            </line>
            <line number="417" hits="0" branch="False" />
            <line number="418" hits="0" branch="True" condition-coverage="0% (0/2)">
              <conditions>
                <condition number="704" type="jump" coverage="0%" />
              </conditions>
            </line>
            <line number="420" hits="0" branch="False" />
            <line number="425" hits="0" branch="True" condition-coverage="0% (0/2)">
              <conditions>
                <condition number="1238" type="jump" coverage="0%" />
              </conditions>
            </line>
            <line number="427" hits="0" branch="False" />
            <line number="428" hits="0" branch="True" condition-coverage="0% (0/8)">
              <conditions>
                <condition number="815" type="jump" coverage="0%" />
                <condition number="833" type="jump" coverage="0%" />
                <condition number="854" type="jump" coverage="0%" />
                <condition number="875" type="jump" coverage="0%" />
              </conditions>
            </line>
            <line number="429" hits="0" branch="False" />
            <line number="430" hits="0" branch="False" />
            <line number="431" hits="0" branch="False" />
            <line number="433" hits="0" branch="False" />
            <line number="434" hits="0" branch="True" condition-coverage="0% (0/2)">
              <conditions>
                <condition number="910" type="jump" coverage="0%" />
              </conditions>
            </line>
[...]
                <line number="182" hits="0" branch="False" />
              </lines>
            </method>
            <method name=".ctor" signature="(Keycloak.AuthServices.Sdk.Admin.IKeycloakUserClient,System.Net.Http.IHttpClientFactory,Microsoft.Extensions.Configuration.IConfiguration)" line-rate="1" branch-rate="0.5" complexity="2">
              <lines>
                <line number="17" hits="2" branch="False" />
                <line number="18" hits="2" branch="False" />
                <line number="19" hits="2" branch="False" />
                <line number="20" hits="2" branch="False" />
                <line number="22" hits="2" branch="False" />
                <line number="23" hits="2" branch="False" />
                <line number="24" hits="2" branch="True" condition-coverage="50% (1/2)">
                  <conditions>
                    <condition number="43" type="jump" coverage="50%" />
                  </conditions>
                </line>
                <line number="25" hits="2" branch="False" />
              </lines>
            </method>
          </methods>
          <lines>
            <line number="171" hits="0" branch="True" condition-coverage="0% (0/4)">
              <conditions>
                <condition number="8" type="jump" coverage="0%" />
                <condition number="29" type="jump" coverage="0%" />
              </conditions>
            </line>
            <line number="172" hits="0" branch="False" />
            <line number="175" hits="0" branch="True" condition-coverage="0% (0/4)">
              <conditions>
                <condition number="39" type="jump" coverage="0%" />
                <condition number="52" type="jump" coverage="0%" />
              </conditions>
            </line>
            <line number="176" hits="0" branch="False" />
            <line number="179" hits="0" branch="True" condition-coverage="0% (0/2)">
              <conditions>
                <condition number="73" type="jump" coverage="0%" />
              </conditions>
            </line>
            <line number="180" hits="0" branch="False" />
            <line number="182" hits="0" branch="False" />
            <line number="17" hits="2" branch="False" />
            <line number="18" hits="2" branch="False" />
            <line number="19" hits="2" branch="False" />
            <line number="20" hits="2" branch="False" />
            <line number="22" hits="2" branch="False" />
            <line number="23" hits="2" branch="False" />
            <line number="24" hits="2" branch="True" condition-coverage="50% (1/2)">
              <conditions>
                <condition number="43" type="jump" coverage="50%" />
              </conditions>
            </line>
            <line number="25" hits="2" branch="False" />
          </lines>
        </class>
        <class name="Onboarding.Infrastructure.Keycloak.KeycloakUserService/&lt;BlockUserAsync&gt;d__9" filename="Onboarding.Infrastructure\Keycloak\KeycloakUserService.cs" line-rate="0" branch-rate="0" complexity="4">
          <methods>
            <method name="MoveNext" signature="()" line-rate="0" branch-rate="0" complexity="4">
              <lines>
                <line number="142" hits="0" branch="True" condition-coverage="0% (0/2)">
                  <conditions>
                    <condition number="140" type="jump" coverage="0%" />
                  </conditions>
                </line>
                <line number="143" hits="0" branch="False" />
                <line number="146" hits="0" branch="True" condition-coverage="0% (0/2)">
                  <conditions>
                    <condition number="201" type="jump" coverage="0%" />
                  </conditions>
                </line>
                <line number="148" hits="0" branch="False" />
                <line number="149" hits="0" branch="False" />
                <line number="150" hits="0" branch="False" />
              </lines>
            </method>
          </methods>
          <lines>
            <line number="142" hits="0" branch="True" condition-coverage="0% (0/2)">
              <conditions>
                <condition number="140" type="jump" coverage="0%" />
              </conditions>
            </line>
            <line number="143" hits="0" branch="False" />
            <line number="146" hits="0" branch="True" condition-coverage="0% (0/2)">
              <conditions>
                <condition number="201" type="jump" coverage="0%" />
              </conditions>
            </line>
            <line number="148" hits="0" branch="False" />
            <line number="149" hits="0" branch="False" />
            <line number="150" hits="0" branch="False" />
          </lines>
        </class>
        <class name="Onboarding.Infrastructure.Keycloak.KeycloakUserService/&lt;CreateUserAsync&gt;d__4" filename="Onboarding.Infrastructure\Keycloak\KeycloakUserService.cs" line-rate="0.7714" branch-rate="0.3333" complexity="6">
          <methods>
            <method name="MoveNext" signature="()" line-rate="0.7714" branch-rate="0.3333" complexity="6">
              <lines>
                <line number="34" hits="1" branch="False" />
                <line number="35" hits="1" branch="False" />
                <line number="36" hits="1" branch="False" />
                <line number="37" hits="1" branch="False" />
                <line number="38" hits="1" branch="False" />
                <line number="39" hits="1" branch="False" />
                <line number="40" hits="1" branch="False" />
                <line number="41" hits="1" branch="False" />
                <line number="42" hits="1" branch="False" />
                <line number="43" hits="1" branch="False" />
                <line number="49" hits="1" branch="False" />
                <line number="50" hits="1" branch="False" />
                <line number="51" hits="0" branch="False" />
                <line number="54" hits="0" branch="False" />
                <line number="55" hits="0" branch="False" />
                <line number="58" hits="1" branch="False" />
                <line number="59" hits="1" branch="False" />
                <line number="60" hits="1" branch="False" />
                <line number="61" hits="1" branch="False" />
                <line number="63" hits="1" branch="True" condition-coverage="50% (1/2)">
                  <conditions>
                    <condition number="454" type="jump" coverage="50%" />
                  </conditions>
                </line>
                <line number="64" hits="1" branch="False" />
                <line number="65" hits="1" branch="False" />
                <line number="69" hits="1" branch="False" />
                <line number="70" hits="1" branch="False" />
                <line number="71" hits="1" branch="False" />
                <line number="72" hits="1" branch="False" />
                <line number="73" hits="1" branch="False" />
                <line number="75" hits="1" branch="True" condition-coverage="50% (1/2)">
                  <conditions>
                    <condition number="699" type="jump" coverage="50%" />
                  </conditions>
                </line>
                <line number="77" hits="0" branch="False" />
                <line number="78" hits="0" branch="True" condition-coverage="0% (0/2)">
                  <conditions>
                    <condition number="832" type="jump" coverage="0%" />
                  </conditions>
                </line>
                <line number="79" hits="0" branch="False" />
                <line number="80" hits="0" branch="False" />
                <line number="82" hits="0" branch="False" />
                <line number="85" hits="1" branch="False" />
                <line number="86" hits="1" branch="False" />
              </lines>
            </method>
          </methods>
          <lines>
            <line number="34" hits="1" branch="False" />
            <line number="35" hits="1" branch="False" />
            <line number="36" hits="1" branch="False" />
            <line number="37" hits="1" branch="False" />
            <line number="38" hits="1" branch="False" />
            <line number="39" hits="1" branch="False" />
            <line number="40" hits="1" branch="False" />
            <line number="41" hits="1" branch="False" />
            <line number="42" hits="1" branch="False" />
            <line number="43" hits="1" branch="False" />
            <line number="49" hits="1" branch="False" />
            <line number="50" hits="1" branch="False" />
            <line number="51" hits="0" branch="False" />
            <line number="54" hits="0" branch="False" />
            <line number="55" hits="0" branch="False" />
            <line number="58" hits="1" branch="False" />
            <line number="59" hits="1" branch="False" />
            <line number="60" hits="1" branch="False" />
            <line number="61" hits="1" branch="False" />
            <line number="63" hits="1" branch="True" condition-coverage="50% (1/2)">
              <conditions>
                <condition number="454" type="jump" coverage="50%" />
              </conditions>
            </line>
            <line number="64" hits="1" branch="False" />
            <line number="65" hits="1" branch="False" />
            <line number="69" hits="1" branch="False" />
            <line number="70" hits="1" branch="False" />
            <line number="71" hits="1" branch="False" />
            <line number="72" hits="1" branch="False" />
            <line number="73" hits="1" branch="False" />
            <line number="75" hits="1" branch="True" condition-coverage="50% (1/2)">
              <conditions>
                <condition number="699" type="jump" coverage="50%" />
              </conditions>
            </line>
            <line number="77" hits="0" branch="False" />
            <line number="78" hits="0" branch="True" condition-coverage="0% (0/2)">
              <conditions>
                <condition number="832" type="jump" coverage="0%" />
              </conditions>
            </line>
            <line number="79" hits="0" branch="False" />
            <line number="80" hits="0" branch="False" />
            <line number="82" hits="0" branch="False" />
            <line number="85" hits="1" branch="False" />
            <line number="86" hits="1" branch="False" />
          </lines>
        </class>
        <class name="Onboarding.Infrastructure.Keycloak.KeycloakUserService/&lt;DeleteUserByEmailAsync&gt;d__5" filename="Onboarding.Infrastructure\Keycloak\KeycloakUserService.cs" line-rate="0" branch-rate="0" complexity="4">
          <methods>
            <method name="MoveNext" signature="()" line-rate="0" branch-rate="0" complexity="4">
              <lines>
                <line number="90" hits="0" branch="False" />
                <line number="91" hits="0" branch="False" />
                <line number="92" hits="0" branch="False" />
                <line number="93" hits="0" branch="False" />
                <line number="95" hits="0" branch="True" condition-coverage="0% (0/2)">
                  <conditions>
                    <condition number="167" type="jump" coverage="0%" />
                  </conditions>
                </line>
                <line number="96" hits="0" branch="True" condition-coverage="0% (0/2)">
                  <conditions>
                    <condition number="180" type="jump" coverage="0%" />
                  </conditions>
                </line>
                <line number="97" hits="0" branch="False" />
                <line number="99" hits="0" branch="False" />
              </lines>
            </method>
          </methods>
          <lines>
            <line number="90" hits="0" branch="False" />
            <line number="91" hits="0" branch="False" />
            <line number="92" hits="0" branch="False" />
            <line number="93" hits="0" branch="False" />
            <line number="95" hits="0" branch="True" condition-coverage="0% (0/2)">
              <conditions>
                <condition number="167" type="jump" coverage="0%" />
              </conditions>
            </line>
            <line number="96" hits="0" branch="True" condition-coverage="0% (0/2)">
              <conditions>
                <condition number="180" type="jump" coverage="0%" />
              </conditions>
            </line>
            <line number="97" hits="0" branch="False" />
            <line number="99" hits="0" branch="False" />
          </lines>
        </class>
        <class name="Onboarding.Infrastructure.Keycloak.KeycloakUserService/&lt;GetUserByEmailAsync&gt;d__7" filename="Onboarding.Infrastructure\Keycloak\KeycloakUserService.cs" line-rate="0" branch-rate="0" complexity="4">
          <methods>
            <method name="MoveNext" signature="()" line-rate="0" branch-rate="0" complexity="4">
              <lines>
                <line number="113" hits="0" branch="False" />
                <line number="114" hits="0" branch="False" />
                <line number="115" hits="0" branch="False" />
                <line number="116" hits="0" branch="False" />
                <line number="118" hits="0" branch="False" />
                <line number="119" hits="0" branch="True" condition-coverage="0% (0/2)">
                  <conditions>
                    <condition number="164" type="jump" coverage="0%" />
                  </conditions>
                </line>
                <line number="121" hits="0" branch="True" condition-coverage="0% (0/2)">
                  <conditions>
                    <condition number="188" type="jump" coverage="0%" />
                  </conditions>
                </line>
                <line number="122" hits="0" branch="False" />
              </lines>
            </method>
          </methods>
          <lines>
            <line number="113" hits="0" branch="False" />
            <line number="114" hits="0" branch="False" />
            <line number="115" hits="0" branch="False" />
            <line number="116" hits="0" branch="False" />
            <line number="118" hits="0" branch="False" />
            <line number="119" hits="0" branch="True" condition-coverage="0% (0/2)">
              <conditions>
                <condition number="164" type="jump" coverage="0%" />
              </conditions>
            </line>
            <line number="121" hits="0" branch="True" condition-coverage="0% (0/2)">
              <conditions>
                <condition number="188" type="jump" coverage="0%" />
              </conditions>
            </line>
            <line number="122" hits="0" branch="False" />
          </lines>
        </class>
        <class name="Onboarding.Infrastructure.Keycloak.KeycloakUserService/&lt;UnblockUserAsync&gt;d__10" filename="Onboarding.Infrastructure\Keycloak\KeycloakUserService.cs" line-rate="0" branch-rate="0" complexity="4">
          <methods>
            <method name="MoveNext" signature="()" line-rate="0" branch-rate="0" complexity="4">
              <lines>
                <line number="154" hits="0" branch="True" condition-coverage="0% (0/2)">
                  <conditions>
                    <condition number="140" type="jump" coverage="0%" />
                  </conditions>
                </line>
                <line number="155" hits="0" branch="False" />
                <line number="158" hits="0" branch="True" condition-coverage="0% (0/2)">
                  <conditions>
                    <condition number="186" type="jump" coverage="0%" />
                  </conditions>
                </line>
                <line number="160" hits="0" branch="False" />
                <line number="161" hits="0" branch="False" />
                <line number="162" hits="0" branch="False" />
              </lines>
            </method>
          </methods>
          <lines>
            <line number="154" hits="0" branch="True" condition-coverage="0% (0/2)">
              <conditions>
                <condition number="140" type="jump" coverage="0%" />
              </conditions>
            </line>
            <line number="155" hits="0" branch="False" />
            <line number="158" hits="0" branch="True" condition-coverage="0% (0/2)">
              <conditions>
                <condition number="186" type="jump" coverage="0%" />
              </conditions>
            </line>
            <line number="160" hits="0" branch="False" />
            <line number="161" hits="0" branch="False" />
            <line number="162" hits="0" branch="False" />
          </lines>
        </class>
        <class name="Onboarding.Infrastructure.Keycloak.KeycloakUserService/&lt;UpdateUserPasswordAsync&gt;d__8" filename="Onboarding.Infrastructure\Keycloak\KeycloakUserService.cs" line-rate="0" branch-rate="0" complexity="2">
          <methods>
            <method name="MoveNext" signature="()" line-rate="0" branch-rate="0" complexity="2">
              <lines>
                <line number="126" hits="0" branch="False" />
                <line number="127" hits="0" branch="False" />
                <line number="128" hits="0" branch="False" />
                <line number="129" hits="0" branch="False" />
                <line number="130" hits="0" branch="False" />
                <line number="132" hits="0" branch="True" condition-coverage="0% (0/2)">
                  <conditions>
                    <condition number="237" type="jump" coverage="0%" />
                  </conditions>
                </line>
                <line number="134" hits="0" branch="False" />
                <line number="135" hits="0" branch="False" />
                <line number="136" hits="0" branch="False" />
                <line number="138" hits="0" branch="False" />
              </lines>
            </method>
          </methods>
          <lines>
            <line number="126" hits="0" branch="False" />
            <line number="127" hits="0" branch="False" />
            <line number="128" hits="0" branch="False" />
            <line number="129" hits="0" branch="False" />
            <line number="130" hits="0" branch="False" />
            <line number="132" hits="0" branch="True" condition-coverage="0% (0/2)">
              <conditions>
                <condition number="237" type="jump" coverage="0%" />
              </conditions>
            </line>
            <line number="134" hits="0" branch="False" />
            <line number="135" hits="0" branch="False" />
            <line number="136" hits="0" branch="False" />
            <line number="138" hits="0" branch="False" />
          </lines>
        </class>
        <class name="Onboarding.Infrastructure.Keycloak.KeycloakUserService/&lt;UserExistsByEmailAsync&gt;d__6" filename="Onboarding.Infrastructure\Keycloak\KeycloakUserService.cs" line-rate="0" branch-rate="1" complexity="1">
          <methods>
            <method name="MoveNext" signature="()" line-rate="0" branch-rate="1" complexity="1">
              <lines>
                <line number="103" hits="0" branch="False" />
                <line number="104" hits="0" branch="False" />
                <line number="105" hits="0" branch="False" />
                <line number="106" hits="0" branch="False" />
                <line number="108" hits="0" branch="False" />
                <line number="109" hits="0" branch="False" />
              </lines>
            </method>
          </methods>
          <lines>
            <line number="103" hits="0" branch="False" />
            <line number="104" hits="0" branch="False" />
            <line number="105" hits="0" branch="False" />
            <line number="106" hits="0" branch="False" />
            <line number="108" hits="0" branch="False" />
            <line number="109" hits="0" branch="False" />
          </lines>
        </class>
      </classes>
    </package>
  </packages>
</coverage>